2026-02-13 12:33:01 INFO  o.h.validator.internal.util.Version - HV000001: Hibernate Validator 8.0.3.Final
 2026-02-13 12:33:02 INFO  g.a.c.schoolapp.SchoolappApplication - Starting SchoolappApplication using Java 21.0.10 with PID 664436 (/home/cyberpirate/IdeaProjects/schoolApp/build/classes/java/main started by cyberpirate in /home/cyberpirate/IdeaProjects/schoolApp)
 2026-02-13 12:33:02 INFO  g.a.c.schoolapp.SchoolappApplication - The following 1 profile is active: "dev"
 2026-02-13 12:33:02 INFO  o.s.d.r.c.RepositoryConfigurationDelegate - Bootstrapping Spring Data JPA repositories in DEFAULT mode.
 2026-02-13 12:33:03 INFO  o.s.d.r.c.RepositoryConfigurationDelegate - Finished Spring Data repository scanning in 78 ms. Found 2 JPA repository interfaces.
 2026-02-13 12:33:03 INFO  o.s.b.w.e.tomcat.TomcatWebServer - Tomcat initialized with port 8080 (http)
 2026-02-13 12:33:03 INFO  o.s.b.w.s.c.ServletWebServerApplicationContext - Root WebApplicationContext: initialization completed in 1756 ms
 2026-02-13 12:33:04 INFO  org.hibernate.Version - HHH000412: Hibernate ORM core version 6.6.41.Final
 2026-02-13 12:33:04 INFO  o.h.c.i.RegionFactoryInitiator - HHH000026: Second-level cache disabled
 2026-02-13 12:33:04 INFO  o.s.o.j.p.SpringPersistenceUnitInfo - No LoadTimeWeaver setup: ignoring JPA class transformer
 2026-02-13 12:33:05 INFO  o.hibernate.orm.connections.pooling - HHH10001005: Database info:
	Database JDBC URL [Connecting through datasource 'HikariDataSource (HikariPool-1)']
	Database driver: undefined/unknown
	Database version: 8.0.45
	Autocommit mode: undefined/unknown
	Isolation level: undefined/unknown
	Minimum pool size: undefined/unknown
	Maximum pool size: undefined/unknown
 2026-02-13 12:33:06 INFO  o.h.e.t.j.p.i.JtaPlatformInitiator - HHH000489: No JTA platform available (set 'hibernate.transaction.jta.platform' to enable JTA platform integration)
 2026-02-13 12:33:06 INFO  o.s.o.j.LocalContainerEntityManagerFactoryBean - Initialized JPA EntityManagerFactory for persistence unit 'default'
 2026-02-13 12:33:07 INFO  o.s.b.w.e.tomcat.TomcatWebServer - Tomcat started on port 8080 (http) with context path '/'
 2026-02-13 12:33:07 INFO  g.a.c.schoolapp.SchoolappApplication - Started SchoolappApplication in 6.297 seconds (process running for 6.727)
 2026-02-13 12:33:09 INFO  o.s.web.servlet.DispatcherServlet - Initializing Servlet 'dispatcherServlet'
 2026-02-13 12:33:09 INFO  o.s.web.servlet.DispatcherServlet - Completed initialization in 5 ms
 2026-02-13 12:34:12 ERROR g.a.c.s.service.TeacherService - Save failed with teacher with vat=2020200202. Region id=1
 2026-02-13 13:53:55 INFO  o.h.validator.internal.util.Version - HV000001: Hibernate Validator 8.0.3.Final
 2026-02-13 13:53:55 INFO  g.a.c.schoolapp.SchoolappApplication - Starting SchoolappApplication using Java 21.0.10 with PID 667488 (/home/cyberpirate/IdeaProjects/schoolApp/build/classes/java/main started by cyberpirate in /home/cyberpirate/IdeaProjects/schoolApp)
 2026-02-13 13:53:55 INFO  g.a.c.schoolapp.SchoolappApplication - The following 1 profile is active: "dev"
 2026-02-13 13:53:57 INFO  o.s.d.r.c.RepositoryConfigurationDelegate - Bootstrapping Spring Data JPA repositories in DEFAULT mode.
 2026-02-13 13:53:57 INFO  o.s.d.r.c.RepositoryConfigurationDelegate - Finished Spring Data repository scanning in 55 ms. Found 2 JPA repository interfaces.
 2026-02-13 13:53:58 INFO  o.s.b.w.e.tomcat.TomcatWebServer - Tomcat initialized with port 8080 (http)
 2026-02-13 13:53:58 INFO  o.s.b.w.s.c.ServletWebServerApplicationContext - Root WebApplicationContext: initialization completed in 2122 ms
 2026-02-13 13:53:59 INFO  org.flywaydb.core.FlywayExecutor - Database: jdbc:mysql://localhost:3306/school9app?useSSL=true&serverTimezone=UTC (MySQL 8.0)
 2026-02-13 13:53:59 INFO  o.f.c.i.s.JdbcTableSchemaHistory - Schema history table `school9app`.`flyway_schema_history` does not exist yet
 2026-02-13 13:53:59 INFO  o.f.core.internal.command.DbValidate - Successfully validated 0 migrations (execution time 00:00.061s)
 2026-02-13 13:53:59 WARN  o.f.core.internal.command.DbValidate - No migrations found. Are your locations set up correctly?
 2026-02-13 13:53:59 INFO  org.flywaydb.core.Flyway - All configured schemas are empty; baseline operation skipped. A baseline or migration script with a lower version than the baseline version may execute if available. Check the Schemas parameter if this is not intended.
 2026-02-13 13:53:59 INFO  o.f.c.i.s.JdbcTableSchemaHistory - Creating Schema History table `school9app`.`flyway_schema_history` ...
 2026-02-13 13:54:01 INFO  o.f.core.internal.command.DbMigrate - Current version of schema `school9app`: << Empty Schema >>
 2026-02-13 13:54:01 INFO  o.f.core.internal.command.DbMigrate - Schema `school9app` is up to date. No migration necessary.
 2026-02-13 13:54:04 INFO  org.hibernate.Version - HHH000412: Hibernate ORM core version 6.6.41.Final
 2026-02-13 13:54:04 INFO  o.h.c.i.RegionFactoryInitiator - HHH000026: Second-level cache disabled
 2026-02-13 13:54:07 INFO  o.s.o.j.p.SpringPersistenceUnitInfo - No LoadTimeWeaver setup: ignoring JPA class transformer
 2026-02-13 13:54:07 INFO  o.hibernate.orm.connections.pooling - HHH10001005: Database info:
	Database JDBC URL [Connecting through datasource 'HikariDataSource (HikariPool-1)']
	Database driver: undefined/unknown
	Database version: 8.0.45
	Autocommit mode: undefined/unknown
	Isolation level: undefined/unknown
	Minimum pool size: undefined/unknown
	Maximum pool size: undefined/unknown
 2026-02-13 13:54:07 WARN  o.h.b.i.SessionFactoryOptionsBuilder - Unrecognized hibernate.hbm2ddl.auto value: 'validare'.  Supported values include 'create', 'create-drop', 'create-only', 'drop', 'update', 'none' and 'validate'.  Ignoring
 2026-02-13 13:54:08 ERROR o.s.o.j.LocalContainerEntityManagerFactoryBean - Failed to initialize JPA EntityManagerFactory: [PersistenceUnit: default] Unable to build Hibernate SessionFactory; nested exception is java.lang.IllegalArgumentException: Unrecognized 'hibernate.hbm2ddl.auto' setting: 'validare'
 2026-02-13 13:54:08 WARN  o.s.b.w.s.c.AnnotationConfigServletWebServerApplicationContext - Exception encountered during context initialization - cancelling refresh attempt: org.springframework.beans.factory.BeanCreationException: Error creating bean with name 'entityManagerFactory' defined in class path resource [org/springframework/boot/autoconfigure/orm/jpa/HibernateJpaConfiguration.class]: [PersistenceUnit: default] Unable to build Hibernate SessionFactory; nested exception is java.lang.IllegalArgumentException: Unrecognized 'hibernate.hbm2ddl.auto' setting: 'validare'
 2026-02-13 13:54:08 ERROR o.s.boot.SpringApplication - Application run failed
 org.springframework.beans.factory.BeanCreationException: Error creating bean with name 'entityManagerFactory' defined in class path resource [org/springframework/boot/autoconfigure/orm/jpa/HibernateJpaConfiguration.class]: [PersistenceUnit: default] Unable to build Hibernate SessionFactory; nested exception is java.lang.IllegalArgumentException: Unrecognized 'hibernate.hbm2ddl.auto' setting: 'validare'
	at org.springframework.beans.factory.support.AbstractAutowireCapableBeanFactory.initializeBean(AbstractAutowireCapableBeanFactory.java:1826)
Caused by: jakarta.persistence.PersistenceException: [PersistenceUnit: default] Unable to build Hibernate SessionFactory; nested exception is java.lang.IllegalArgumentException: Unrecognized 'hibernate.hbm2ddl.auto' setting: 'validare'
	at org.springframework.orm.jpa.AbstractEntityManagerFactoryBean.buildNativeEntityManagerFactory(AbstractEntityManagerFactoryBean.java:431)
Caused by: java.lang.IllegalArgumentException: Unrecognized 'hibernate.hbm2ddl.auto' setting: 'validare'
	at org.hibernate.tool.schema.Action.interpretHbm2ddlSetting(Action.java:305)
2026-02-13 13:56:32 INFO  o.h.validator.internal.util.Version - HV000001: Hibernate Validator 8.0.3.Final
 2026-02-13 13:56:32 INFO  g.a.c.schoolapp.SchoolappApplication - Starting SchoolappApplication using Java 21.0.10 with PID 667704 (/home/cyberpirate/IdeaProjects/schoolApp/build/classes/java/main started by cyberpirate in /home/cyberpirate/IdeaProjects/schoolApp)
 2026-02-13 13:56:32 INFO  g.a.c.schoolapp.SchoolappApplication - The following 1 profile is active: "dev"
 2026-02-13 13:56:33 INFO  o.s.d.r.c.RepositoryConfigurationDelegate - Bootstrapping Spring Data JPA repositories in DEFAULT mode.
 2026-02-13 13:56:34 INFO  o.s.d.r.c.RepositoryConfigurationDelegate - Finished Spring Data repository scanning in 47 ms. Found 2 JPA repository interfaces.
 2026-02-13 13:56:34 INFO  o.s.b.w.e.tomcat.TomcatWebServer - Tomcat initialized with port 8080 (http)
 2026-02-13 13:56:35 INFO  o.s.b.w.s.c.ServletWebServerApplicationContext - Root WebApplicationContext: initialization completed in 2379 ms
 2026-02-13 13:56:36 INFO  org.flywaydb.core.FlywayExecutor - Database: jdbc:mysql://localhost:3306/school9app?useSSL=true&serverTimezone=UTC (MySQL 8.0)
 2026-02-13 13:56:36 INFO  o.f.core.internal.command.DbValidate - Successfully validated 0 migrations (execution time 00:00.025s)
 2026-02-13 13:56:36 WARN  o.f.core.internal.command.DbValidate - No migrations found. Are your locations set up correctly?
 2026-02-13 13:56:36 INFO  o.f.core.internal.command.DbMigrate - Current version of schema `school9app`: << Empty Schema >>
 2026-02-13 13:56:36 INFO  o.f.core.internal.command.DbMigrate - Schema `school9app` is up to date. No migration necessary.
 2026-02-13 13:56:36 INFO  org.hibernate.Version - HHH000412: Hibernate ORM core version 6.6.41.Final
 2026-02-13 13:56:36 INFO  o.h.c.i.RegionFactoryInitiator - HHH000026: Second-level cache disabled
 2026-02-13 13:56:37 INFO  o.s.o.j.p.SpringPersistenceUnitInfo - No LoadTimeWeaver setup: ignoring JPA class transformer
 2026-02-13 13:56:37 INFO  o.hibernate.orm.connections.pooling - HHH10001005: Database info:
	Database JDBC URL [Connecting through datasource 'HikariDataSource (HikariPool-1)']
	Database driver: undefined/unknown
	Database version: 8.0.45
	Autocommit mode: undefined/unknown
	Isolation level: undefined/unknown
	Minimum pool size: undefined/unknown
	Maximum pool size: undefined/unknown
 2026-02-13 13:56:37 WARN  o.h.b.i.SessionFactoryOptionsBuilder - Unrecognized hibernate.hbm2ddl.auto value: 'validare'.  Supported values include 'create', 'create-drop', 'create-only', 'drop', 'update', 'none' and 'validate'.  Ignoring
 2026-02-13 13:56:37 ERROR o.s.o.j.LocalContainerEntityManagerFactoryBean - Failed to initialize JPA EntityManagerFactory: [PersistenceUnit: default] Unable to build Hibernate SessionFactory; nested exception is java.lang.IllegalArgumentException: Unrecognized 'hibernate.hbm2ddl.auto' setting: 'validare'
 2026-02-13 13:56:37 WARN  o.s.b.w.s.c.AnnotationConfigServletWebServerApplicationContext - Exception encountered during context initialization - cancelling refresh attempt: org.springframework.beans.factory.BeanCreationException: Error creating bean with name 'entityManagerFactory' defined in class path resource [org/springframework/boot/autoconfigure/orm/jpa/HibernateJpaConfiguration.class]: [PersistenceUnit: default] Unable to build Hibernate SessionFactory; nested exception is java.lang.IllegalArgumentException: Unrecognized 'hibernate.hbm2ddl.auto' setting: 'validare'
 2026-02-13 13:56:37 ERROR o.s.boot.SpringApplication - Application run failed
 org.springframework.beans.factory.BeanCreationException: Error creating bean with name 'entityManagerFactory' defined in class path resource [org/springframework/boot/autoconfigure/orm/jpa/HibernateJpaConfiguration.class]: [PersistenceUnit: default] Unable to build Hibernate SessionFactory; nested exception is java.lang.IllegalArgumentException: Unrecognized 'hibernate.hbm2ddl.auto' setting: 'validare'
	at org.springframework.beans.factory.support.AbstractAutowireCapableBeanFactory.initializeBean(AbstractAutowireCapableBeanFactory.java:1826)
Caused by: jakarta.persistence.PersistenceException: [PersistenceUnit: default] Unable to build Hibernate SessionFactory; nested exception is java.lang.IllegalArgumentException: Unrecognized 'hibernate.hbm2ddl.auto' setting: 'validare'
	at org.springframework.orm.jpa.AbstractEntityManagerFactoryBean.buildNativeEntityManagerFactory(AbstractEntityManagerFactoryBean.java:431)
Caused by: java.lang.IllegalArgumentException: Unrecognized 'hibernate.hbm2ddl.auto' setting: 'validare'
	at org.hibernate.tool.schema.Action.interpretHbm2ddlSetting(Action.java:305)
2026-02-13 13:57:44 INFO  o.h.validator.internal.util.Version - HV000001: Hibernate Validator 8.0.3.Final
 2026-02-13 13:57:44 INFO  g.a.c.schoolapp.SchoolappApplication - Starting SchoolappApplication using Java 21.0.10 with PID 667911 (/home/cyberpirate/IdeaProjects/schoolApp/build/classes/java/main started by cyberpirate in /home/cyberpirate/IdeaProjects/schoolApp)
 2026-02-13 13:57:44 INFO  g.a.c.schoolapp.SchoolappApplication - The following 1 profile is active: "dev"
 2026-02-13 13:57:46 INFO  o.s.d.r.c.RepositoryConfigurationDelegate - Bootstrapping Spring Data JPA repositories in DEFAULT mode.
 2026-02-13 13:57:46 INFO  o.s.d.r.c.RepositoryConfigurationDelegate - Finished Spring Data repository scanning in 75 ms. Found 2 JPA repository interfaces.
 2026-02-13 13:57:46 INFO  o.s.b.w.e.tomcat.TomcatWebServer - Tomcat initialized with port 8080 (http)
 2026-02-13 13:57:46 INFO  o.s.b.w.s.c.ServletWebServerApplicationContext - Root WebApplicationContext: initialization completed in 1989 ms
 2026-02-13 13:57:48 INFO  org.flywaydb.core.FlywayExecutor - Database: jdbc:mysql://localhost:3306/school9app?useSSL=true&serverTimezone=UTC (MySQL 8.0)
 2026-02-13 13:57:48 INFO  o.f.core.internal.command.DbValidate - Successfully validated 0 migrations (execution time 00:00.032s)
 2026-02-13 13:57:48 WARN  o.f.core.internal.command.DbValidate - No migrations found. Are your locations set up correctly?
 2026-02-13 13:57:48 INFO  o.f.core.internal.command.DbMigrate - Current version of schema `school9app`: << Empty Schema >>
 2026-02-13 13:57:48 INFO  o.f.core.internal.command.DbMigrate - Schema `school9app` is up to date. No migration necessary.
 2026-02-13 13:57:48 INFO  org.hibernate.Version - HHH000412: Hibernate ORM core version 6.6.41.Final
 2026-02-13 13:57:48 INFO  o.h.c.i.RegionFactoryInitiator - HHH000026: Second-level cache disabled
 2026-02-13 13:57:49 INFO  o.s.o.j.p.SpringPersistenceUnitInfo - No LoadTimeWeaver setup: ignoring JPA class transformer
 2026-02-13 13:57:49 INFO  o.hibernate.orm.connections.pooling - HHH10001005: Database info:
	Database JDBC URL [Connecting through datasource 'HikariDataSource (HikariPool-1)']
	Database driver: undefined/unknown
	Database version: 8.0.45
	Autocommit mode: undefined/unknown
	Isolation level: undefined/unknown
	Minimum pool size: undefined/unknown
	Maximum pool size: undefined/unknown
 2026-02-13 13:57:50 INFO  o.h.e.t.j.p.i.JtaPlatformInitiator - HHH000489: No JTA platform available (set 'hibernate.transaction.jta.platform' to enable JTA platform integration)
 2026-02-13 13:57:50 ERROR o.s.o.j.LocalContainerEntityManagerFactoryBean - Failed to initialize JPA EntityManagerFactory: [PersistenceUnit: default] Unable to build Hibernate SessionFactory; nested exception is org.hibernate.tool.schema.spi.SchemaManagementException: Schema-validation: missing table [regions]
 2026-02-13 13:57:50 WARN  o.s.b.w.s.c.AnnotationConfigServletWebServerApplicationContext - Exception encountered during context initialization - cancelling refresh attempt: org.springframework.beans.factory.BeanCreationException: Error creating bean with name 'entityManagerFactory' defined in class path resource [org/springframework/boot/autoconfigure/orm/jpa/HibernateJpaConfiguration.class]: [PersistenceUnit: default] Unable to build Hibernate SessionFactory; nested exception is org.hibernate.tool.schema.spi.SchemaManagementException: Schema-validation: missing table [regions]
 2026-02-13 13:57:50 ERROR o.s.boot.SpringApplication - Application run failed
 org.springframework.beans.factory.BeanCreationException: Error creating bean with name 'entityManagerFactory' defined in class path resource [org/springframework/boot/autoconfigure/orm/jpa/HibernateJpaConfiguration.class]: [PersistenceUnit: default] Unable to build Hibernate SessionFactory; nested exception is org.hibernate.tool.schema.spi.SchemaManagementException: Schema-validation: missing table [regions]
	at org.springframework.beans.factory.support.AbstractAutowireCapableBeanFactory.initializeBean(AbstractAutowireCapableBeanFactory.java:1826)
Caused by: jakarta.persistence.PersistenceException: [PersistenceUnit: default] Unable to build Hibernate SessionFactory; nested exception is org.hibernate.tool.schema.spi.SchemaManagementException: Schema-validation: missing table [regions]
	at org.springframework.orm.jpa.AbstractEntityManagerFactoryBean.buildNativeEntityManagerFactory(AbstractEntityManagerFactoryBean.java:431)
Caused by: org.hibernate.tool.schema.spi.SchemaManagementException: Schema-validation: missing table [regions]
	at org.hibernate.tool.schema.internal.AbstractSchemaValidator.validateTable(AbstractSchemaValidator.java:136)
2026-02-13 14:01:17 INFO  o.h.validator.internal.util.Version - HV000001: Hibernate Validator 8.0.3.Final
 2026-02-13 14:01:17 INFO  g.a.c.schoolapp.SchoolappApplication - Starting SchoolappApplication using Java 21.0.10 with PID 668128 (/home/cyberpirate/IdeaProjects/schoolApp/build/classes/java/main started by cyberpirate in /home/cyberpirate/IdeaProjects/schoolApp)
 2026-02-13 14:01:17 INFO  g.a.c.schoolapp.SchoolappApplication - The following 1 profile is active: "dev"
 2026-02-13 14:01:18 INFO  o.s.d.r.c.RepositoryConfigurationDelegate - Bootstrapping Spring Data JPA repositories in DEFAULT mode.
 2026-02-13 14:01:18 INFO  o.s.d.r.c.RepositoryConfigurationDelegate - Finished Spring Data repository scanning in 64 ms. Found 2 JPA repository interfaces.
 2026-02-13 14:01:20 INFO  o.s.b.w.e.tomcat.TomcatWebServer - Tomcat initialized with port 8080 (http)
 2026-02-13 14:01:21 INFO  o.s.b.w.s.c.ServletWebServerApplicationContext - Root WebApplicationContext: initialization completed in 3717 ms
 2026-02-13 14:13:13 INFO  o.h.validator.internal.util.Version - HV000001: Hibernate Validator 8.0.3.Final
 2026-02-13 14:13:13 INFO  g.a.c.schoolapp.SchoolappApplication - Starting SchoolappApplication using Java 21.0.10 with PID 3252 (/home/cyberpirate/IdeaProjects/schoolApp/build/classes/java/main started by cyberpirate in /home/cyberpirate/IdeaProjects/schoolApp)
 2026-02-13 14:13:13 INFO  g.a.c.schoolapp.SchoolappApplication - The following 1 profile is active: "dev"
 2026-02-13 14:13:14 INFO  o.s.d.r.c.RepositoryConfigurationDelegate - Bootstrapping Spring Data JPA repositories in DEFAULT mode.
 2026-02-13 14:13:14 INFO  o.s.d.r.c.RepositoryConfigurationDelegate - Finished Spring Data repository scanning in 54 ms. Found 2 JPA repository interfaces.
 2026-02-13 14:13:15 INFO  o.s.b.w.e.tomcat.TomcatWebServer - Tomcat initialized with port 8080 (http)
 2026-02-13 14:13:15 INFO  o.s.b.w.s.c.ServletWebServerApplicationContext - Root WebApplicationContext: initialization completed in 2295 ms
 2026-02-13 14:13:17 INFO  org.flywaydb.core.FlywayExecutor - Database: jdbc:mysql://localhost:3306/school9app?useSSL=true&serverTimezone=UTC (MySQL 8.0)
 2026-02-13 14:13:17 INFO  o.f.c.i.s.JdbcTableSchemaHistory - Schema history table `school9app`.`flyway_schema_history` does not exist yet
 2026-02-13 14:13:17 INFO  o.f.core.internal.command.DbValidate - Successfully validated 0 migrations (execution time 00:00.033s)
 2026-02-13 14:13:17 WARN  o.f.core.internal.command.DbValidate - No migrations found. Are your locations set up correctly?
 2026-02-13 14:13:17 INFO  org.flywaydb.core.Flyway - All configured schemas are empty; baseline operation skipped. A baseline or migration script with a lower version than the baseline version may execute if available. Check the Schemas parameter if this is not intended.
 2026-02-13 14:13:17 INFO  o.f.c.i.s.JdbcTableSchemaHistory - Creating Schema History table `school9app`.`flyway_schema_history` ...
 2026-02-13 14:13:17 INFO  o.f.core.internal.command.DbMigrate - Current version of schema `school9app`: << Empty Schema >>
 2026-02-13 14:13:17 INFO  o.f.core.internal.command.DbMigrate - Schema `school9app` is up to date. No migration necessary.
 2026-02-13 14:13:17 INFO  org.hibernate.Version - HHH000412: Hibernate ORM core version 6.6.41.Final
 2026-02-13 14:13:17 INFO  o.h.c.i.RegionFactoryInitiator - HHH000026: Second-level cache disabled
 2026-02-13 14:13:18 INFO  o.s.o.j.p.SpringPersistenceUnitInfo - No LoadTimeWeaver setup: ignoring JPA class transformer
 2026-02-13 14:13:18 INFO  o.hibernate.orm.connections.pooling - HHH10001005: Database info:
	Database JDBC URL [Connecting through datasource 'HikariDataSource (HikariPool-1)']
	Database driver: undefined/unknown
	Database version: 8.0.45
	Autocommit mode: undefined/unknown
	Isolation level: undefined/unknown
	Minimum pool size: undefined/unknown
	Maximum pool size: undefined/unknown
 2026-02-13 14:13:19 INFO  o.h.e.t.j.p.i.JtaPlatformInitiator - HHH000489: No JTA platform available (set 'hibernate.transaction.jta.platform' to enable JTA platform integration)
 2026-02-13 14:13:19 ERROR o.s.o.j.LocalContainerEntityManagerFactoryBean - Failed to initialize JPA EntityManagerFactory: [PersistenceUnit: default] Unable to build Hibernate SessionFactory; nested exception is org.hibernate.tool.schema.spi.SchemaManagementException: Schema-validation: missing table [regions]
 2026-02-13 14:13:19 WARN  o.s.b.w.s.c.AnnotationConfigServletWebServerApplicationContext - Exception encountered during context initialization - cancelling refresh attempt: org.springframework.beans.factory.BeanCreationException: Error creating bean with name 'entityManagerFactory' defined in class path resource [org/springframework/boot/autoconfigure/orm/jpa/HibernateJpaConfiguration.class]: [PersistenceUnit: default] Unable to build Hibernate SessionFactory; nested exception is org.hibernate.tool.schema.spi.SchemaManagementException: Schema-validation: missing table [regions]
 2026-02-13 14:13:20 ERROR o.s.boot.SpringApplication - Application run failed
 org.springframework.beans.factory.BeanCreationException: Error creating bean with name 'entityManagerFactory' defined in class path resource [org/springframework/boot/autoconfigure/orm/jpa/HibernateJpaConfiguration.class]: [PersistenceUnit: default] Unable to build Hibernate SessionFactory; nested exception is org.hibernate.tool.schema.spi.SchemaManagementException: Schema-validation: missing table [regions]
	at org.springframework.beans.factory.support.AbstractAutowireCapableBeanFactory.initializeBean(AbstractAutowireCapableBeanFactory.java:1826)
Caused by: jakarta.persistence.PersistenceException: [PersistenceUnit: default] Unable to build Hibernate SessionFactory; nested exception is org.hibernate.tool.schema.spi.SchemaManagementException: Schema-validation: missing table [regions]
	at org.springframework.orm.jpa.AbstractEntityManagerFactoryBean.buildNativeEntityManagerFactory(AbstractEntityManagerFactoryBean.java:431)
Caused by: org.hibernate.tool.schema.spi.SchemaManagementException: Schema-validation: missing table [regions]
	at org.hibernate.tool.schema.internal.AbstractSchemaValidator.validateTable(AbstractSchemaValidator.java:136)
2026-02-13 14:21:38 INFO  o.h.validator.internal.util.Version - HV000001: Hibernate Validator 8.0.3.Final
 2026-02-13 14:21:38 INFO  g.a.c.schoolapp.SchoolappApplication - Starting SchoolappApplication using Java 21.0.10 with PID 4277 (/home/cyberpirate/IdeaProjects/schoolApp/build/classes/java/main started by cyberpirate in /home/cyberpirate/IdeaProjects/schoolApp)
 2026-02-13 14:21:38 INFO  g.a.c.schoolapp.SchoolappApplication - The following 1 profile is active: "dev"
 2026-02-13 14:21:39 INFO  o.s.d.r.c.RepositoryConfigurationDelegate - Bootstrapping Spring Data JPA repositories in DEFAULT mode.
 2026-02-13 14:21:39 INFO  o.s.d.r.c.RepositoryConfigurationDelegate - Finished Spring Data repository scanning in 62 ms. Found 2 JPA repository interfaces.
 2026-02-13 14:21:40 INFO  o.s.b.w.e.tomcat.TomcatWebServer - Tomcat initialized with port 8080 (http)
 2026-02-13 14:21:40 INFO  o.s.b.w.s.c.ServletWebServerApplicationContext - Root WebApplicationContext: initialization completed in 1949 ms
 2026-02-13 14:21:41 INFO  org.flywaydb.core.FlywayExecutor - Database: jdbc:mysql://localhost:3306/school9app?useSSL=true&serverTimezone=UTC (MySQL 8.0)
 2026-02-13 14:21:41 INFO  o.f.c.i.s.JdbcTableSchemaHistory - Schema history table `school9app`.`flyway_schema_history` does not exist yet
 2026-02-13 14:21:41 INFO  o.f.core.internal.command.DbValidate - Successfully validated 2 migrations (execution time 00:00.029s)
 2026-02-13 14:21:41 INFO  org.flywaydb.core.Flyway - All configured schemas are empty; baseline operation skipped. A baseline or migration script with a lower version than the baseline version may execute if available. Check the Schemas parameter if this is not intended.
 2026-02-13 14:21:41 INFO  o.f.c.i.s.JdbcTableSchemaHistory - Creating Schema History table `school9app`.`flyway_schema_history` ...
 2026-02-13 14:21:41 INFO  o.f.core.internal.command.DbMigrate - Current version of schema `school9app`: << Empty Schema >>
 2026-02-13 14:21:41 INFO  o.f.core.internal.command.DbMigrate - Migrating schema `school9app` to version "1 - initial schema"
 2026-02-13 14:21:41 INFO  o.f.core.internal.command.DbMigrate - Migrating schema `school9app` to version "2 - insert regions"
 2026-02-13 14:21:41 INFO  o.f.core.internal.command.DbMigrate - Successfully applied 2 migrations to schema `school9app`, now at version v2 (execution time 00:00.182s)
 2026-02-13 14:21:42 INFO  org.hibernate.Version - HHH000412: Hibernate ORM core version 6.6.41.Final
 2026-02-13 14:21:42 INFO  o.h.c.i.RegionFactoryInitiator - HHH000026: Second-level cache disabled
 2026-02-13 14:21:42 INFO  o.s.o.j.p.SpringPersistenceUnitInfo - No LoadTimeWeaver setup: ignoring JPA class transformer
 2026-02-13 14:21:42 INFO  o.hibernate.orm.connections.pooling - HHH10001005: Database info:
	Database JDBC URL [Connecting through datasource 'HikariDataSource (HikariPool-1)']
	Database driver: undefined/unknown
	Database version: 8.0.45
	Autocommit mode: undefined/unknown
	Isolation level: undefined/unknown
	Minimum pool size: undefined/unknown
	Maximum pool size: undefined/unknown
 2026-02-13 14:21:43 INFO  o.h.e.t.j.p.i.JtaPlatformInitiator - HHH000489: No JTA platform available (set 'hibernate.transaction.jta.platform' to enable JTA platform integration)
 2026-02-13 14:21:43 ERROR o.s.o.j.LocalContainerEntityManagerFactoryBean - Failed to initialize JPA EntityManagerFactory: [PersistenceUnit: default] Unable to build Hibernate SessionFactory; nested exception is org.hibernate.tool.schema.spi.SchemaManagementException: Schema-validation: missing column [update_at] in table [teachers]
 2026-02-13 14:21:44 WARN  o.s.b.w.s.c.AnnotationConfigServletWebServerApplicationContext - Exception encountered during context initialization - cancelling refresh attempt: org.springframework.beans.factory.BeanCreationException: Error creating bean with name 'entityManagerFactory' defined in class path resource [org/springframework/boot/autoconfigure/orm/jpa/HibernateJpaConfiguration.class]: [PersistenceUnit: default] Unable to build Hibernate SessionFactory; nested exception is org.hibernate.tool.schema.spi.SchemaManagementException: Schema-validation: missing column [update_at] in table [teachers]
 2026-02-13 14:21:44 ERROR o.s.boot.SpringApplication - Application run failed
 org.springframework.beans.factory.BeanCreationException: Error creating bean with name 'entityManagerFactory' defined in class path resource [org/springframework/boot/autoconfigure/orm/jpa/HibernateJpaConfiguration.class]: [PersistenceUnit: default] Unable to build Hibernate SessionFactory; nested exception is org.hibernate.tool.schema.spi.SchemaManagementException: Schema-validation: missing column [update_at] in table [teachers]
	at org.springframework.beans.factory.support.AbstractAutowireCapableBeanFactory.initializeBean(AbstractAutowireCapableBeanFactory.java:1826)
Caused by: jakarta.persistence.PersistenceException: [PersistenceUnit: default] Unable to build Hibernate SessionFactory; nested exception is org.hibernate.tool.schema.spi.SchemaManagementException: Schema-validation: missing column [update_at] in table [teachers]
	at org.springframework.orm.jpa.AbstractEntityManagerFactoryBean.buildNativeEntityManagerFactory(AbstractEntityManagerFactoryBean.java:431)
Caused by: org.hibernate.tool.schema.spi.SchemaManagementException: Schema-validation: missing column [update_at] in table [teachers]
	at org.hibernate.tool.schema.internal.AbstractSchemaValidator.validateTable(AbstractSchemaValidator.java:149)
2026-02-13 14:27:27 INFO  o.h.validator.internal.util.Version - HV000001: Hibernate Validator 8.0.3.Final
 2026-02-13 14:27:27 INFO  g.a.c.schoolapp.SchoolappApplication - Starting SchoolappApplication using Java 21.0.10 with PID 4951 (/home/cyberpirate/IdeaProjects/schoolApp/build/classes/java/main started by cyberpirate in /home/cyberpirate/IdeaProjects/schoolApp)
 2026-02-13 14:27:27 INFO  g.a.c.schoolapp.SchoolappApplication - The following 1 profile is active: "dev"
 2026-02-13 14:27:28 INFO  o.s.d.r.c.RepositoryConfigurationDelegate - Bootstrapping Spring Data JPA repositories in DEFAULT mode.
 2026-02-13 14:27:28 INFO  o.s.d.r.c.RepositoryConfigurationDelegate - Finished Spring Data repository scanning in 45 ms. Found 2 JPA repository interfaces.
 2026-02-13 14:27:29 INFO  o.s.b.w.e.tomcat.TomcatWebServer - Tomcat initialized with port 8080 (http)
 2026-02-13 14:27:29 INFO  o.s.b.w.s.c.ServletWebServerApplicationContext - Root WebApplicationContext: initialization completed in 1942 ms
 2026-02-13 14:27:30 INFO  org.flywaydb.core.FlywayExecutor - Database: jdbc:mysql://localhost:3306/school9app?useSSL=true&serverTimezone=UTC (MySQL 8.0)
 2026-02-13 14:27:30 INFO  o.f.core.internal.command.DbValidate - Successfully validated 2 migrations (execution time 00:00.042s)
 2026-02-13 14:27:30 INFO  o.f.core.internal.command.DbMigrate - Current version of schema `school9app`: 2
 2026-02-13 14:27:30 INFO  o.f.core.internal.command.DbMigrate - Schema `school9app` is up to date. No migration necessary.
 2026-02-13 14:27:30 INFO  org.hibernate.Version - HHH000412: Hibernate ORM core version 6.6.41.Final
 2026-02-13 14:27:30 INFO  o.h.c.i.RegionFactoryInitiator - HHH000026: Second-level cache disabled
 2026-02-13 14:27:31 INFO  o.s.o.j.p.SpringPersistenceUnitInfo - No LoadTimeWeaver setup: ignoring JPA class transformer
 2026-02-13 14:27:31 INFO  o.hibernate.orm.connections.pooling - HHH10001005: Database info:
	Database JDBC URL [Connecting through datasource 'HikariDataSource (HikariPool-1)']
	Database driver: undefined/unknown
	Database version: 8.0.45
	Autocommit mode: undefined/unknown
	Isolation level: undefined/unknown
	Minimum pool size: undefined/unknown
	Maximum pool size: undefined/unknown
 2026-02-13 14:27:32 INFO  o.h.e.t.j.p.i.JtaPlatformInitiator - HHH000489: No JTA platform available (set 'hibernate.transaction.jta.platform' to enable JTA platform integration)
 2026-02-13 14:27:32 ERROR o.s.o.j.LocalContainerEntityManagerFactoryBean - Failed to initialize JPA EntityManagerFactory: [PersistenceUnit: default] Unable to build Hibernate SessionFactory; nested exception is org.hibernate.tool.schema.spi.SchemaManagementException: Schema-validation: missing column [update_at] in table [teachers]
 2026-02-13 14:27:32 WARN  o.s.b.w.s.c.AnnotationConfigServletWebServerApplicationContext - Exception encountered during context initialization - cancelling refresh attempt: org.springframework.beans.factory.BeanCreationException: Error creating bean with name 'entityManagerFactory' defined in class path resource [org/springframework/boot/autoconfigure/orm/jpa/HibernateJpaConfiguration.class]: [PersistenceUnit: default] Unable to build Hibernate SessionFactory; nested exception is org.hibernate.tool.schema.spi.SchemaManagementException: Schema-validation: missing column [update_at] in table [teachers]
 2026-02-13 14:27:32 ERROR o.s.boot.SpringApplication - Application run failed
 org.springframework.beans.factory.BeanCreationException: Error creating bean with name 'entityManagerFactory' defined in class path resource [org/springframework/boot/autoconfigure/orm/jpa/HibernateJpaConfiguration.class]: [PersistenceUnit: default] Unable to build Hibernate SessionFactory; nested exception is org.hibernate.tool.schema.spi.SchemaManagementException: Schema-validation: missing column [update_at] in table [teachers]
	at org.springframework.beans.factory.support.AbstractAutowireCapableBeanFactory.initializeBean(AbstractAutowireCapableBeanFactory.java:1826)
Caused by: jakarta.persistence.PersistenceException: [PersistenceUnit: default] Unable to build Hibernate SessionFactory; nested exception is org.hibernate.tool.schema.spi.SchemaManagementException: Schema-validation: missing column [update_at] in table [teachers]
	at org.springframework.orm.jpa.AbstractEntityManagerFactoryBean.buildNativeEntityManagerFactory(AbstractEntityManagerFactoryBean.java:431)
Caused by: org.hibernate.tool.schema.spi.SchemaManagementException: Schema-validation: missing column [update_at] in table [teachers]
	at org.hibernate.tool.schema.internal.AbstractSchemaValidator.validateTable(AbstractSchemaValidator.java:149)
2026-02-13 14:31:19 INFO  o.h.validator.internal.util.Version - HV000001: Hibernate Validator 8.0.3.Final
 2026-02-13 14:31:19 INFO  g.a.c.schoolapp.SchoolappApplication - Starting SchoolappApplication using Java 21.0.10 with PID 5208 (/home/cyberpirate/IdeaProjects/schoolApp/build/classes/java/main started by cyberpirate in /home/cyberpirate/IdeaProjects/schoolApp)
 2026-02-13 14:31:19 INFO  g.a.c.schoolapp.SchoolappApplication - The following 1 profile is active: "dev"
 2026-02-13 14:31:20 INFO  o.s.d.r.c.RepositoryConfigurationDelegate - Bootstrapping Spring Data JPA repositories in DEFAULT mode.
 2026-02-13 14:31:20 INFO  o.s.d.r.c.RepositoryConfigurationDelegate - Finished Spring Data repository scanning in 54 ms. Found 2 JPA repository interfaces.
 2026-02-13 14:31:21 INFO  o.s.b.w.e.tomcat.TomcatWebServer - Tomcat initialized with port 8080 (http)
 2026-02-13 14:31:21 INFO  o.s.b.w.s.c.ServletWebServerApplicationContext - Root WebApplicationContext: initialization completed in 1852 ms
 2026-02-13 14:31:22 INFO  org.flywaydb.core.FlywayExecutor - Database: jdbc:mysql://localhost:3306/school9app?useSSL=true&serverTimezone=UTC (MySQL 8.0)
 2026-02-13 14:31:22 INFO  o.f.c.i.s.JdbcTableSchemaHistory - Schema history table `school9app`.`flyway_schema_history` does not exist yet
 2026-02-13 14:31:22 INFO  o.f.core.internal.command.DbValidate - Successfully validated 2 migrations (execution time 00:00.026s)
 2026-02-13 14:31:22 INFO  org.flywaydb.core.Flyway - All configured schemas are empty; baseline operation skipped. A baseline or migration script with a lower version than the baseline version may execute if available. Check the Schemas parameter if this is not intended.
 2026-02-13 14:31:22 INFO  o.f.c.i.s.JdbcTableSchemaHistory - Creating Schema History table `school9app`.`flyway_schema_history` ...
 2026-02-13 14:31:22 INFO  o.f.core.internal.command.DbMigrate - Current version of schema `school9app`: << Empty Schema >>
 2026-02-13 14:31:22 INFO  o.f.core.internal.command.DbMigrate - Migrating schema `school9app` to version "1 - initial schema"
 2026-02-13 14:31:22 INFO  o.f.core.internal.command.DbMigrate - Migrating schema `school9app` to version "2 - insert regions"
 2026-02-13 14:31:23 INFO  o.f.core.internal.command.DbMigrate - Successfully applied 2 migrations to schema `school9app`, now at version v2 (execution time 00:00.187s)
 2026-02-13 14:31:23 INFO  org.hibernate.Version - HHH000412: Hibernate ORM core version 6.6.41.Final
 2026-02-13 14:31:23 INFO  o.h.c.i.RegionFactoryInitiator - HHH000026: Second-level cache disabled
 2026-02-13 14:31:23 INFO  o.s.o.j.p.SpringPersistenceUnitInfo - No LoadTimeWeaver setup: ignoring JPA class transformer
 2026-02-13 14:31:23 INFO  o.hibernate.orm.connections.pooling - HHH10001005: Database info:
	Database JDBC URL [Connecting through datasource 'HikariDataSource (HikariPool-1)']
	Database driver: undefined/unknown
	Database version: 8.0.45
	Autocommit mode: undefined/unknown
	Isolation level: undefined/unknown
	Minimum pool size: undefined/unknown
	Maximum pool size: undefined/unknown
 2026-02-13 14:31:24 INFO  o.h.e.t.j.p.i.JtaPlatformInitiator - HHH000489: No JTA platform available (set 'hibernate.transaction.jta.platform' to enable JTA platform integration)
 2026-02-13 14:31:24 INFO  o.s.o.j.LocalContainerEntityManagerFactoryBean - Initialized JPA EntityManagerFactory for persistence unit 'default'
 2026-02-13 14:31:25 INFO  o.s.b.w.e.tomcat.TomcatWebServer - Tomcat started on port 8080 (http) with context path '/'
 2026-02-13 14:31:25 INFO  g.a.c.schoolapp.SchoolappApplication - Started SchoolappApplication in 6.953 seconds (process running for 7.458)
 2026-02-13 14:32:28 INFO  o.s.web.servlet.DispatcherServlet - Initializing Servlet 'dispatcherServlet'
 2026-02-13 14:32:28 INFO  o.s.web.servlet.DispatcherServlet - Completed initialization in 2 ms
 2026-02-13 14:33:26 WARN  o.h.e.jdbc.spi.SqlExceptionHelper - SQL Error: 1048, SQLState: 23000
 2026-02-13 14:33:26 ERROR o.h.e.jdbc.spi.SqlExceptionHelper - Column 'updated_at' cannot be null
 2026-02-13 14:41:16 WARN  o.h.e.jdbc.spi.SqlExceptionHelper - SQL Error: 1048, SQLState: 23000
 2026-02-13 14:41:16 ERROR o.h.e.jdbc.spi.SqlExceptionHelper - Column 'updated_at' cannot be null
 2026-02-13 14:41:29 WARN  o.h.e.jdbc.spi.SqlExceptionHelper - SQL Error: 1048, SQLState: 23000
 2026-02-13 14:41:29 ERROR o.h.e.jdbc.spi.SqlExceptionHelper - Column 'updated_at' cannot be null
 2026-02-13 14:51:29 INFO  o.h.validator.internal.util.Version - HV000001: Hibernate Validator 8.0.3.Final
 2026-02-13 14:51:29 INFO  g.a.c.schoolapp.SchoolappApplication - Starting SchoolappApplication using Java 21.0.10 with PID 6447 (/home/cyberpirate/IdeaProjects/schoolApp/build/classes/java/main started by cyberpirate in /home/cyberpirate/IdeaProjects/schoolApp)
 2026-02-13 14:51:29 INFO  g.a.c.schoolapp.SchoolappApplication - The following 1 profile is active: "dev"
 2026-02-13 14:51:30 INFO  o.s.d.r.c.RepositoryConfigurationDelegate - Bootstrapping Spring Data JPA repositories in DEFAULT mode.
 2026-02-13 14:51:30 INFO  o.s.d.r.c.RepositoryConfigurationDelegate - Finished Spring Data repository scanning in 52 ms. Found 2 JPA repository interfaces.
 2026-02-13 14:51:31 INFO  o.s.b.w.e.tomcat.TomcatWebServer - Tomcat initialized with port 8080 (http)
 2026-02-13 14:51:31 INFO  o.s.b.w.s.c.ServletWebServerApplicationContext - Root WebApplicationContext: initialization completed in 1823 ms
 2026-02-13 14:51:32 INFO  org.flywaydb.core.FlywayExecutor - Database: jdbc:mysql://localhost:3306/school9app?useSSL=true&serverTimezone=UTC (MySQL 8.0)
 2026-02-13 14:51:32 INFO  o.f.c.i.s.JdbcTableSchemaHistory - Schema history table `school9app`.`flyway_schema_history` does not exist yet
 2026-02-13 14:51:32 INFO  o.f.core.internal.command.DbValidate - Successfully validated 2 migrations (execution time 00:00.038s)
 2026-02-13 14:51:32 INFO  org.flywaydb.core.Flyway - All configured schemas are empty; baseline operation skipped. A baseline or migration script with a lower version than the baseline version may execute if available. Check the Schemas parameter if this is not intended.
 2026-02-13 14:51:32 INFO  o.f.c.i.s.JdbcTableSchemaHistory - Creating Schema History table `school9app`.`flyway_schema_history` ...
 2026-02-13 14:51:33 INFO  o.f.core.internal.command.DbMigrate - Current version of schema `school9app`: << Empty Schema >>
 2026-02-13 14:51:33 INFO  o.f.core.internal.command.DbMigrate - Migrating schema `school9app` to version "1 - initial schema"
 2026-02-13 14:51:33 INFO  o.f.core.internal.command.DbMigrate - Migrating schema `school9app` to version "2 - insert regions"
 2026-02-13 14:51:33 INFO  o.f.core.internal.command.DbMigrate - Successfully applied 2 migrations to schema `school9app`, now at version v2 (execution time 00:00.160s)
 2026-02-13 14:51:33 INFO  org.hibernate.Version - HHH000412: Hibernate ORM core version 6.6.41.Final
 2026-02-13 14:51:33 INFO  o.h.c.i.RegionFactoryInitiator - HHH000026: Second-level cache disabled
 2026-02-13 14:51:33 INFO  o.s.o.j.p.SpringPersistenceUnitInfo - No LoadTimeWeaver setup: ignoring JPA class transformer
 2026-02-13 14:51:34 INFO  o.hibernate.orm.connections.pooling - HHH10001005: Database info:
	Database JDBC URL [Connecting through datasource 'HikariDataSource (HikariPool-1)']
	Database driver: undefined/unknown
	Database version: 8.0.45
	Autocommit mode: undefined/unknown
	Isolation level: undefined/unknown
	Minimum pool size: undefined/unknown
	Maximum pool size: undefined/unknown
 2026-02-13 14:51:35 INFO  o.h.e.t.j.p.i.JtaPlatformInitiator - HHH000489: No JTA platform available (set 'hibernate.transaction.jta.platform' to enable JTA platform integration)
 2026-02-13 14:51:35 INFO  o.s.o.j.LocalContainerEntityManagerFactoryBean - Initialized JPA EntityManagerFactory for persistence unit 'default'
 2026-02-13 14:51:36 WARN  o.s.b.w.s.c.AnnotationConfigServletWebServerApplicationContext - Exception encountered during context initialization - cancelling refresh attempt: org.springframework.context.ApplicationContextException: Failed to start bean 'webServerStartStop'
 2026-02-13 14:51:36 INFO  o.s.o.j.LocalContainerEntityManagerFactoryBean - Closing JPA EntityManagerFactory for persistence unit 'default'
 2026-02-13 14:51:36 ERROR o.s.b.d.LoggingFailureAnalysisReporter - 

***************************
APPLICATION FAILED TO START
***************************

Description:

Web server failed to start. Port 8080 was already in use.

Action:

Identify and stop the process that's listening on port 8080 or configure this application to listen on another port.

 2026-02-13 15:17:46 INFO  o.h.validator.internal.util.Version - HV000001: Hibernate Validator 8.0.3.Final
 2026-02-13 15:17:46 INFO  g.a.c.schoolapp.SchoolappApplication - Starting SchoolappApplication using Java 21.0.10 with PID 7102 (/home/cyberpirate/IdeaProjects/schoolApp/build/classes/java/main started by cyberpirate in /home/cyberpirate/IdeaProjects/schoolApp)
 2026-02-13 15:17:46 INFO  g.a.c.schoolapp.SchoolappApplication - The following 1 profile is active: "dev"
 2026-02-13 15:17:47 INFO  o.s.d.r.c.RepositoryConfigurationDelegate - Bootstrapping Spring Data JPA repositories in DEFAULT mode.
 2026-02-13 15:17:47 INFO  o.s.d.r.c.RepositoryConfigurationDelegate - Finished Spring Data repository scanning in 53 ms. Found 2 JPA repository interfaces.
 2026-02-13 15:17:48 INFO  o.s.b.w.e.tomcat.TomcatWebServer - Tomcat initialized with port 8080 (http)
 2026-02-13 15:17:48 INFO  o.s.b.w.s.c.ServletWebServerApplicationContext - Root WebApplicationContext: initialization completed in 2067 ms
 2026-02-13 15:17:49 INFO  org.flywaydb.core.FlywayExecutor - Database: jdbc:mysql://localhost:3306/school9app?useSSL=true&serverTimezone=UTC (MySQL 8.0)
 2026-02-13 15:17:50 INFO  o.f.core.internal.command.DbValidate - Successfully validated 2 migrations (execution time 00:00.049s)
 2026-02-13 15:17:50 INFO  o.f.core.internal.command.DbMigrate - Current version of schema `school9app`: 2
 2026-02-13 15:17:50 INFO  o.f.core.internal.command.DbMigrate - Schema `school9app` is up to date. No migration necessary.
 2026-02-13 15:17:50 INFO  org.hibernate.Version - HHH000412: Hibernate ORM core version 6.6.41.Final
 2026-02-13 15:17:50 INFO  o.h.c.i.RegionFactoryInitiator - HHH000026: Second-level cache disabled
 2026-02-13 15:17:50 INFO  o.s.o.j.p.SpringPersistenceUnitInfo - No LoadTimeWeaver setup: ignoring JPA class transformer
 2026-02-13 15:17:50 INFO  o.hibernate.orm.connections.pooling - HHH10001005: Database info:
	Database JDBC URL [Connecting through datasource 'HikariDataSource (HikariPool-1)']
	Database driver: undefined/unknown
	Database version: 8.0.45
	Autocommit mode: undefined/unknown
	Isolation level: undefined/unknown
	Minimum pool size: undefined/unknown
	Maximum pool size: undefined/unknown
 2026-02-13 15:17:51 INFO  o.h.e.t.j.p.i.JtaPlatformInitiator - HHH000489: No JTA platform available (set 'hibernate.transaction.jta.platform' to enable JTA platform integration)
 2026-02-13 15:17:51 INFO  o.s.o.j.LocalContainerEntityManagerFactoryBean - Initialized JPA EntityManagerFactory for persistence unit 'default'
 2026-02-13 15:17:52 INFO  o.s.b.w.e.tomcat.TomcatWebServer - Tomcat started on port 8080 (http) with context path '/'
 2026-02-13 15:17:52 INFO  g.a.c.schoolapp.SchoolappApplication - Started SchoolappApplication in 7.008 seconds (process running for 7.489)
 2026-02-13 15:18:13 INFO  o.s.web.servlet.DispatcherServlet - Initializing Servlet 'dispatcherServlet'
 2026-02-13 15:18:13 INFO  o.s.web.servlet.DispatcherServlet - Completed initialization in 1 ms
 2026-02-13 15:18:48 WARN  o.h.e.jdbc.spi.SqlExceptionHelper - SQL Error: 1048, SQLState: 23000
 2026-02-13 15:18:48 ERROR o.h.e.jdbc.spi.SqlExceptionHelper - Column 'updated_at' cannot be null
 2026-02-13 15:21:21 WARN  o.h.e.jdbc.spi.SqlExceptionHelper - SQL Error: 1048, SQLState: 23000
 2026-02-13 15:21:21 ERROR o.h.e.jdbc.spi.SqlExceptionHelper - Column 'updated_at' cannot be null
 2026-02-13 15:24:46 INFO  o.s.b.w.e.tomcat.GracefulShutdown - Commencing graceful shutdown. Waiting for active requests to complete
 2026-02-13 15:24:46 INFO  o.s.b.w.e.tomcat.GracefulShutdown - Graceful shutdown complete
 2026-02-13 15:24:46 INFO  o.s.o.j.LocalContainerEntityManagerFactoryBean - Closing JPA EntityManagerFactory for persistence unit 'default'
 2026-02-13 15:24:56 INFO  o.h.validator.internal.util.Version - HV000001: Hibernate Validator 8.0.3.Final
 2026-02-13 15:24:56 INFO  g.a.c.schoolapp.SchoolappApplication - Starting SchoolappApplication using Java 21.0.10 with PID 7612 (/home/cyberpirate/IdeaProjects/schoolApp/build/classes/java/main started by cyberpirate in /home/cyberpirate/IdeaProjects/schoolApp)
 2026-02-13 15:24:56 INFO  g.a.c.schoolapp.SchoolappApplication - The following 1 profile is active: "dev"
 2026-02-13 15:24:57 INFO  o.s.d.r.c.RepositoryConfigurationDelegate - Bootstrapping Spring Data JPA repositories in DEFAULT mode.
 2026-02-13 15:24:57 INFO  o.s.d.r.c.RepositoryConfigurationDelegate - Finished Spring Data repository scanning in 51 ms. Found 2 JPA repository interfaces.
 2026-02-13 15:24:58 INFO  o.s.b.w.e.tomcat.TomcatWebServer - Tomcat initialized with port 8080 (http)
 2026-02-13 15:24:58 INFO  o.s.b.w.s.c.ServletWebServerApplicationContext - Root WebApplicationContext: initialization completed in 1831 ms
 2026-02-13 15:24:59 INFO  org.flywaydb.core.FlywayExecutor - Database: jdbc:mysql://localhost:3306/school9app?useSSL=true&serverTimezone=UTC (MySQL 8.0)
 2026-02-13 15:24:59 INFO  o.f.c.i.s.JdbcTableSchemaHistory - Schema history table `school9app`.`flyway_schema_history` does not exist yet
 2026-02-13 15:24:59 INFO  o.f.core.internal.command.DbValidate - Successfully validated 2 migrations (execution time 00:00.024s)
 2026-02-13 15:24:59 INFO  org.flywaydb.core.Flyway - All configured schemas are empty; baseline operation skipped. A baseline or migration script with a lower version than the baseline version may execute if available. Check the Schemas parameter if this is not intended.
 2026-02-13 15:24:59 INFO  o.f.c.i.s.JdbcTableSchemaHistory - Creating Schema History table `school9app`.`flyway_schema_history` ...
 2026-02-13 15:24:59 INFO  o.f.core.internal.command.DbMigrate - Current version of schema `school9app`: << Empty Schema >>
 2026-02-13 15:24:59 INFO  o.f.core.internal.command.DbMigrate - Migrating schema `school9app` to version "1 - initial schema"
 2026-02-13 15:24:59 INFO  o.f.core.internal.command.DbMigrate - Migrating schema `school9app` to version "2 - insert regions"
 2026-02-13 15:24:59 INFO  o.f.core.internal.command.DbMigrate - Successfully applied 2 migrations to schema `school9app`, now at version v2 (execution time 00:00.206s)
 2026-02-13 15:24:59 INFO  org.hibernate.Version - HHH000412: Hibernate ORM core version 6.6.41.Final
 2026-02-13 15:24:59 INFO  o.h.c.i.RegionFactoryInitiator - HHH000026: Second-level cache disabled
 2026-02-13 15:25:00 INFO  o.s.o.j.p.SpringPersistenceUnitInfo - No LoadTimeWeaver setup: ignoring JPA class transformer
 2026-02-13 15:25:00 INFO  o.hibernate.orm.connections.pooling - HHH10001005: Database info:
	Database JDBC URL [Connecting through datasource 'HikariDataSource (HikariPool-1)']
	Database driver: undefined/unknown
	Database version: 8.0.45
	Autocommit mode: undefined/unknown
	Isolation level: undefined/unknown
	Minimum pool size: undefined/unknown
	Maximum pool size: undefined/unknown
 2026-02-13 15:25:01 INFO  o.h.e.t.j.p.i.JtaPlatformInitiator - HHH000489: No JTA platform available (set 'hibernate.transaction.jta.platform' to enable JTA platform integration)
 2026-02-13 15:25:01 INFO  o.s.o.j.LocalContainerEntityManagerFactoryBean - Initialized JPA EntityManagerFactory for persistence unit 'default'
 2026-02-13 15:25:02 INFO  o.s.b.w.e.tomcat.TomcatWebServer - Tomcat started on port 8080 (http) with context path '/'
 2026-02-13 15:25:02 INFO  g.a.c.schoolapp.SchoolappApplication - Started SchoolappApplication in 6.932 seconds (process running for 7.415)
 2026-02-13 15:25:15 INFO  o.s.web.servlet.DispatcherServlet - Initializing Servlet 'dispatcherServlet'
 2026-02-13 15:25:15 INFO  o.s.web.servlet.DispatcherServlet - Completed initialization in 1 ms
 2026-02-13 15:25:48 INFO  g.a.c.s.service.TeacherService - Teacher with vat=2020200202 saved successfully
 