2026-02-27 05:32:56 INFO  o.s.b.w.e.tomcat.GracefulShutdown - Commencing graceful shutdown. Waiting for active requests to complete
 2026-02-27 05:32:56 INFO  o.s.b.w.e.tomcat.GracefulShutdown - Graceful shutdown complete
 2026-02-27 05:32:56 INFO  o.s.o.j.LocalContainerEntityManagerFactoryBean - Closing JPA EntityManagerFactory for persistence unit 'default'
 2026-02-27 14:08:38 INFO  o.h.validator.internal.util.Version - HV000001: Hibernate Validator 8.0.3.Final
 2026-02-27 14:08:38 INFO  g.a.c.schoolapp.SchoolappApplication - Starting SchoolappApplication using Java 21.0.10 with PID 9434 (/home/cyberpirate/IdeaProjects/schoolApp/build/classes/java/main started by cyberpirate in /home/cyberpirate/IdeaProjects/schoolApp)
 2026-02-27 14:08:38 INFO  g.a.c.schoolapp.SchoolappApplication - The following 1 profile is active: "dev"
 2026-02-27 14:08:38 INFO  o.s.b.d.e.DevToolsPropertyDefaultsPostProcessor - Devtools property defaults active! Set 'spring.devtools.add-properties' to 'false' to disable
 2026-02-27 14:08:38 INFO  o.s.b.d.e.DevToolsPropertyDefaultsPostProcessor - For additional web related logging consider setting the 'logging.level.web' property to 'DEBUG'
 2026-02-27 14:08:39 INFO  o.s.d.r.c.RepositoryConfigurationDelegate - Bootstrapping Spring Data JPA repositories in DEFAULT mode.
 2026-02-27 14:08:39 INFO  o.s.d.r.c.RepositoryConfigurationDelegate - Finished Spring Data repository scanning in 48 ms. Found 2 JPA repository interfaces.
 2026-02-27 14:08:40 INFO  o.s.b.w.e.tomcat.TomcatWebServer - Tomcat initialized with port 8080 (http)
 2026-02-27 14:08:40 INFO  o.s.b.w.s.c.ServletWebServerApplicationContext - Root WebApplicationContext: initialization completed in 2101 ms
 2026-02-27 14:08:42 INFO  org.flywaydb.core.FlywayExecutor - Database: jdbc:mysql://localhost:3306/school9app?useSSL=true&serverTimezone=UTC (MySQL 8.0)
 2026-02-27 14:08:42 INFO  o.f.core.internal.command.DbValidate - Successfully validated 2 migrations (execution time 00:00.057s)
 2026-02-27 14:08:42 INFO  o.f.core.internal.command.DbMigrate - Current version of schema `school9app`: 2
 2026-02-27 14:08:42 INFO  o.f.core.internal.command.DbMigrate - Schema `school9app` is up to date. No migration necessary.
 2026-02-27 14:08:43 INFO  org.hibernate.Version - HHH000412: Hibernate ORM core version 6.6.41.Final
 2026-02-27 14:08:43 INFO  o.h.c.i.RegionFactoryInitiator - HHH000026: Second-level cache disabled
 2026-02-27 14:08:43 INFO  o.s.o.j.p.SpringPersistenceUnitInfo - No LoadTimeWeaver setup: ignoring JPA class transformer
 2026-02-27 14:08:43 INFO  o.hibernate.orm.connections.pooling - HHH10001005: Database info:
	Database JDBC URL [Connecting through datasource 'HikariDataSource (HikariPool-1)']
	Database driver: undefined/unknown
	Database version: 8.0.45
	Autocommit mode: undefined/unknown
	Isolation level: undefined/unknown
	Minimum pool size: undefined/unknown
	Maximum pool size: undefined/unknown
 2026-02-27 14:08:45 INFO  o.h.e.t.j.p.i.JtaPlatformInitiator - HHH000489: No JTA platform available (set 'hibernate.transaction.jta.platform' to enable JTA platform integration)
 2026-02-27 14:08:45 INFO  o.s.o.j.LocalContainerEntityManagerFactoryBean - Initialized JPA EntityManagerFactory for persistence unit 'default'
 2026-02-27 14:08:46 INFO  o.s.b.d.a.OptionalLiveReloadServer - LiveReload server is running on port 35729
 2026-02-27 14:08:46 INFO  o.s.b.w.e.tomcat.TomcatWebServer - Tomcat started on port 8080 (http) with context path '/'
 2026-02-27 14:08:46 INFO  g.a.c.schoolapp.SchoolappApplication - Started SchoolappApplication in 8.628 seconds (process running for 9.171)
 2026-02-27 14:08:50 INFO  o.s.web.servlet.DispatcherServlet - Initializing Servlet 'dispatcherServlet'
 2026-02-27 14:08:50 INFO  o.s.web.servlet.DispatcherServlet - Completed initialization in 1 ms
 2026-02-27 14:09:30 INFO  g.a.c.s.service.TeacherService - Teacher with uuid= f1ee1ae4-73d2-4f19-b4fe-047001866e5f update successfully
 2026-02-27 14:09:30 ERROR org.thymeleaf.TemplateEngine - [THYMELEAF][http-nio-8080-exec-1] Exception processing template "update-teacher-success": Error resolving template [update-teacher-success], template might not exist or might not be accessible by any of the configured Template Resolvers
 org.thymeleaf.exceptions.TemplateInputException: Error resolving template [update-teacher-success], template might not exist or might not be accessible by any of the configured Template Resolvers
	at org.thymeleaf.engine.TemplateManager.resolveTemplate(TemplateManager.java:869)
2026-02-27 14:12:11 ERROR org.thymeleaf.TemplateEngine - [THYMELEAF][http-nio-8080-exec-6] Exception processing template "update-teacher-success": An error happened during template parsing (template: "class path resource [templates/update-teacher-success.html]")
 org.thymeleaf.exceptions.TemplateInputException: An error happened during template parsing (template: "class path resource [templates/update-teacher-success.html]")
	at org.thymeleaf.templateparser.markup.AbstractMarkupTemplateParser.parse(AbstractMarkupTemplateParser.java:241)
Caused by: org.attoparser.ParseException: Exception evaluating SpringEL expression: "teacherReadOnlyDTO.uuid" (template: "update-teacher-success" - line 24, col 34)
	at org.attoparser.MarkupParser.parseDocument(MarkupParser.java:393)
Caused by: org.thymeleaf.exceptions.TemplateProcessingException: Exception evaluating SpringEL expression: "teacherReadOnlyDTO.uuid" (template: "update-teacher-success" - line 24, col 34)
	at org.thymeleaf.spring6.expression.SPELVariableExpressionEvaluator.evaluate(SPELVariableExpressionEvaluator.java:292)
Caused by: org.springframework.expression.spel.SpelEvaluationException: EL1007E: Property or field 'uuid' cannot be found on null
	at org.springframework.expression.spel.ast.PropertyOrFieldReference.readProperty(PropertyOrFieldReference.java:225)
2026-02-27 14:12:15 INFO  g.a.c.s.service.TeacherService - Teacher with uuid= f1ee1ae4-73d2-4f19-b4fe-047001866e5f update successfully
 