2026-03-23 11:50:33 INFO  com.zaxxer.hikari.HikariDataSource - HikariPool-3 - Shutdown initiated...
2026-03-23 11:50:33 INFO  com.zaxxer.hikari.HikariDataSource - HikariPool-3 - Shutdown completed.
2026-03-23 11:50:35 INFO  com.zaxxer.hikari.HikariDataSource - HikariPool-4 - Starting...
2026-03-23 11:50:35 INFO  com.zaxxer.hikari.pool.HikariPool - HikariPool-4 - Added connection com.mysql.cj.jdbc.ConnectionImpl@59d58945
2026-03-23 11:50:35 INFO  com.zaxxer.hikari.HikariDataSource - HikariPool-4 - Start completed.
2026-03-23 11:50:39 INFO  com.zaxxer.hikari.HikariDataSource - HikariPool-1 - Starting...
2026-03-23 11:50:40 INFO  com.zaxxer.hikari.pool.HikariPool - HikariPool-1 - Added connection com.mysql.cj.jdbc.ConnectionImpl@5981373f
2026-03-23 11:50:40 INFO  com.zaxxer.hikari.HikariDataSource - HikariPool-1 - Start completed.
2026-03-23 11:50:46 INFO  com.zaxxer.hikari.HikariDataSource - HikariPool-1 - Shutdown initiated...
2026-03-23 11:50:46 INFO  com.zaxxer.hikari.HikariDataSource - HikariPool-1 - Shutdown completed.
2026-03-23 12:04:00 INFO  com.zaxxer.hikari.HikariDataSource - HikariPool-4 - Shutdown initiated...
2026-03-23 12:04:00 INFO  com.zaxxer.hikari.HikariDataSource - HikariPool-4 - Shutdown completed.
2026-03-23 12:04:01 INFO  com.zaxxer.hikari.HikariDataSource - HikariPool-5 - Starting...
2026-03-23 12:04:01 INFO  com.zaxxer.hikari.pool.HikariPool - HikariPool-5 - Added connection com.mysql.cj.jdbc.ConnectionImpl@742a245e
2026-03-23 12:04:01 INFO  com.zaxxer.hikari.HikariDataSource - HikariPool-5 - Start completed.
2026-03-23 12:04:04 INFO  com.zaxxer.hikari.HikariDataSource - HikariPool-5 - Shutdown initiated...
2026-03-23 12:04:04 INFO  com.zaxxer.hikari.HikariDataSource - HikariPool-5 - Shutdown completed.
2026-03-23 12:04:05 INFO  com.zaxxer.hikari.HikariDataSource - HikariPool-6 - Starting...
2026-03-23 12:04:05 INFO  com.zaxxer.hikari.pool.HikariPool - HikariPool-6 - Added connection com.mysql.cj.jdbc.ConnectionImpl@cd2f240
2026-03-23 12:04:05 INFO  com.zaxxer.hikari.HikariDataSource - HikariPool-6 - Start completed.
2026-03-23 12:04:06 INFO  com.zaxxer.hikari.HikariDataSource - HikariPool-1 - Starting...
2026-03-23 12:04:06 INFO  com.zaxxer.hikari.pool.HikariPool - HikariPool-1 - Added connection com.mysql.cj.jdbc.ConnectionImpl@33b1f7fb
2026-03-23 12:04:06 INFO  com.zaxxer.hikari.HikariDataSource - HikariPool-1 - Start completed.
2026-03-23 12:04:10 INFO  com.zaxxer.hikari.HikariDataSource - HikariPool-1 - Shutdown initiated...
2026-03-23 12:04:10 INFO  com.zaxxer.hikari.HikariDataSource - HikariPool-1 - Shutdown completed.
2026-03-23 12:07:55 INFO  com.zaxxer.hikari.HikariDataSource - HikariPool-6 - Shutdown initiated...
2026-03-23 12:07:55 INFO  com.zaxxer.hikari.HikariDataSource - HikariPool-6 - Shutdown completed.
2026-03-23 12:07:56 INFO  com.zaxxer.hikari.HikariDataSource - HikariPool-7 - Starting...
2026-03-23 12:07:56 INFO  com.zaxxer.hikari.pool.HikariPool - HikariPool-7 - Added connection com.mysql.cj.jdbc.ConnectionImpl@13d219e9
2026-03-23 12:07:56 INFO  com.zaxxer.hikari.HikariDataSource - HikariPool-7 - Start completed.
2026-03-23 12:07:59 INFO  com.zaxxer.hikari.HikariDataSource - HikariPool-1 - Starting...
2026-03-23 12:07:59 INFO  com.zaxxer.hikari.pool.HikariPool - HikariPool-1 - Added connection com.mysql.cj.jdbc.ConnectionImpl@6e2ae92
2026-03-23 12:07:59 INFO  com.zaxxer.hikari.HikariDataSource - HikariPool-1 - Start completed.
2026-03-23 12:08:04 INFO  com.zaxxer.hikari.HikariDataSource - HikariPool-1 - Shutdown initiated...
2026-03-23 12:08:04 INFO  com.zaxxer.hikari.HikariDataSource - HikariPool-1 - Shutdown completed.
2026-03-23 12:15:10 INFO  com.zaxxer.hikari.HikariDataSource - HikariPool-7 - Shutdown initiated...
2026-03-23 12:15:10 INFO  com.zaxxer.hikari.HikariDataSource - HikariPool-7 - Shutdown completed.
2026-03-23 12:15:11 INFO  com.zaxxer.hikari.HikariDataSource - HikariPool-8 - Starting...
2026-03-23 12:15:12 INFO  com.zaxxer.hikari.pool.HikariPool - HikariPool-8 - Added connection com.mysql.cj.jdbc.ConnectionImpl@478071d8
2026-03-23 12:15:12 INFO  com.zaxxer.hikari.HikariDataSource - HikariPool-8 - Start completed.
2026-03-23 12:15:14 INFO  com.zaxxer.hikari.HikariDataSource - HikariPool-1 - Starting...
2026-03-23 12:15:14 INFO  com.zaxxer.hikari.pool.HikariPool - HikariPool-1 - Added connection com.mysql.cj.jdbc.ConnectionImpl@5ef3a591
2026-03-23 12:15:14 INFO  com.zaxxer.hikari.HikariDataSource - HikariPool-1 - Start completed.
2026-03-23 12:15:18 INFO  com.zaxxer.hikari.HikariDataSource - HikariPool-1 - Shutdown initiated...
2026-03-23 12:15:18 INFO  com.zaxxer.hikari.HikariDataSource - HikariPool-1 - Shutdown completed.
2026-03-23 12:17:21 INFO  com.zaxxer.hikari.HikariDataSource - HikariPool-8 - Shutdown initiated...
2026-03-23 12:17:21 INFO  com.zaxxer.hikari.HikariDataSource - HikariPool-8 - Shutdown completed.
2026-03-23 12:17:21 INFO  com.zaxxer.hikari.HikariDataSource - HikariPool-9 - Starting...
2026-03-23 12:17:21 INFO  com.zaxxer.hikari.pool.HikariPool - HikariPool-9 - Added connection com.mysql.cj.jdbc.ConnectionImpl@1b478c4
2026-03-23 12:17:21 INFO  com.zaxxer.hikari.HikariDataSource - HikariPool-9 - Start completed.
2026-03-23 12:17:24 INFO  com.zaxxer.hikari.HikariDataSource - HikariPool-1 - Starting...
2026-03-23 12:17:25 INFO  com.zaxxer.hikari.pool.HikariPool - HikariPool-1 - Added connection com.mysql.cj.jdbc.ConnectionImpl@62d13f78
2026-03-23 12:17:25 INFO  com.zaxxer.hikari.HikariDataSource - HikariPool-1 - Start completed.
2026-03-23 12:17:30 INFO  com.zaxxer.hikari.HikariDataSource - HikariPool-1 - Shutdown initiated...
2026-03-23 12:17:30 INFO  com.zaxxer.hikari.HikariDataSource - HikariPool-1 - Shutdown completed.
2026-03-23 12:23:31 INFO  com.zaxxer.hikari.HikariDataSource - HikariPool-9 - Shutdown initiated...
2026-03-23 12:23:31 INFO  com.zaxxer.hikari.HikariDataSource - HikariPool-9 - Shutdown completed.
2026-03-23 12:23:33 INFO  com.zaxxer.hikari.HikariDataSource - HikariPool-10 - Starting...
2026-03-23 12:23:33 INFO  com.zaxxer.hikari.pool.HikariPool - HikariPool-10 - Added connection com.mysql.cj.jdbc.ConnectionImpl@1efb45d5
2026-03-23 12:23:33 INFO  com.zaxxer.hikari.HikariDataSource - HikariPool-10 - Start completed.
2026-03-23 12:23:39 INFO  com.zaxxer.hikari.HikariDataSource - HikariPool-1 - Starting...
2026-03-23 12:23:40 INFO  com.zaxxer.hikari.pool.HikariPool - HikariPool-1 - Added connection com.mysql.cj.jdbc.ConnectionImpl@24d30d11
2026-03-23 12:23:40 INFO  com.zaxxer.hikari.HikariDataSource - HikariPool-1 - Start completed.
2026-03-23 12:23:44 INFO  com.zaxxer.hikari.HikariDataSource - HikariPool-1 - Shutdown initiated...
2026-03-23 12:23:44 INFO  com.zaxxer.hikari.HikariDataSource - HikariPool-1 - Shutdown completed.
2026-03-23 12:26:14 INFO  com.zaxxer.hikari.HikariDataSource - HikariPool-1 - Starting...
2026-03-23 12:26:15 INFO  com.zaxxer.hikari.pool.HikariPool - HikariPool-1 - Added connection com.mysql.cj.jdbc.ConnectionImpl@431539e5
2026-03-23 12:26:15 INFO  com.zaxxer.hikari.HikariDataSource - HikariPool-1 - Start completed.
2026-03-23 12:37:21 INFO  com.zaxxer.hikari.HikariDataSource - HikariPool-1 - Shutdown initiated...
2026-03-23 12:37:21 INFO  com.zaxxer.hikari.HikariDataSource - HikariPool-1 - Shutdown completed.
2026-03-23 12:38:48 INFO  com.zaxxer.hikari.HikariDataSource - HikariPool-1 - Starting...
2026-03-23 12:38:48 INFO  com.zaxxer.hikari.pool.HikariPool - HikariPool-1 - Added connection com.mysql.cj.jdbc.ConnectionImpl@43a8ff8
2026-03-23 12:38:48 INFO  com.zaxxer.hikari.HikariDataSource - HikariPool-1 - Start completed.
